app/build/intermediates/manifest_merge_blame_file/release/manifest-merger-blame-release-report.txt
1<?xml version="1.0" encoding="utf-8"?>
2<manifest xmlns:android="http://schemas.android.com/apk/res/android"
3    package="com.qdocs.ssre241123"
4    android:versionCode="1"
5    android:versionName="4.2" >
6
7    <uses-sdk
8        android:minSdkVersion="24"
9        android:targetSdkVersion="35" />
10
11    <uses-permission android:name="android.permission.WRITE_CALENDAR" />
11-->src\main\AndroidManifest.xml:6:5-73
11-->src\main\AndroidManifest.xml:6:22-70
12    <uses-permission android:name="android.permission.WRITE_EXTERNAL_STORAGE" />
12-->src\main\AndroidManifest.xml:7:5-81
12-->src\main\AndroidManifest.xml:7:22-78
13    <uses-permission
13-->src\main\AndroidManifest.xml:8:5-10:36
14        android:name="android.permission.CALL_PHONE"
14-->src\main\AndroidManifest.xml:9:9-53
15        android:required="false" />
15-->src\main\AndroidManifest.xml:10:9-33
16    <uses-permission android:name="android.permission.READ_EXTERNAL_STORAGE" />
16-->src\main\AndroidManifest.xml:11:5-80
16-->src\main\AndroidManifest.xml:11:22-77
17    <uses-permission android:name="android.permission.INTERNET" />
17-->src\main\AndroidManifest.xml:12:5-67
17-->src\main\AndroidManifest.xml:12:22-64
18    <uses-permission android:name="android.permission.ACCESS_NETWORK_STATE" />
18-->src\main\AndroidManifest.xml:13:5-79
18-->src\main\AndroidManifest.xml:13:22-76
19    <uses-permission android:name="android.permission.READ_CALENDAR" />
19-->src\main\AndroidManifest.xml:14:5-72
19-->src\main\AndroidManifest.xml:14:22-69
20    <uses-permission android:name="android.permission.READ_MEDIA_IMAGES" />
20-->src\main\AndroidManifest.xml:15:5-76
20-->src\main\AndroidManifest.xml:15:22-73
21    <uses-permission android:name="android.permission.READ_MEDIA_AUDIO" />
21-->src\main\AndroidManifest.xml:16:5-75
21-->src\main\AndroidManifest.xml:16:22-72
22    <uses-permission android:name="android.permission.READ_MEDIA_VIDEO" />
22-->src\main\AndroidManifest.xml:17:5-75
22-->src\main\AndroidManifest.xml:17:22-72
23    <uses-permission android:name="android.permission.READ_MEDIA_FILE" />
23-->src\main\AndroidManifest.xml:18:5-74
23-->src\main\AndroidManifest.xml:18:22-71
24    <uses-permission android:name="android.permission.POST_NOTIFICATIONS" />
24-->src\main\AndroidManifest.xml:19:5-76
24-->src\main\AndroidManifest.xml:19:22-74
25    <uses-permission android:name="android.permission.CAMERA" />
25-->src\main\AndroidManifest.xml:20:5-21:52
25-->src\main\AndroidManifest.xml:21:9-49
26    <uses-permission android:name="android.permission.READ_PHONE_STATE" />
26-->src\main\AndroidManifest.xml:22:5-75
26-->src\main\AndroidManifest.xml:22:22-72
27    <uses-permission android:name="android.permission.FOREGROUND_SERVICE" />
27-->src\main\AndroidManifest.xml:23:5-76
27-->src\main\AndroidManifest.xml:23:22-74
28
29    <uses-feature
29-->src\main\AndroidManifest.xml:24:5-26:36
30        android:name="android.hardware.telephony"
30-->src\main\AndroidManifest.xml:25:9-50
31        android:required="false" />
31-->src\main\AndroidManifest.xml:26:9-33
32    <uses-feature
32-->src\main\AndroidManifest.xml:27:5-29:36
33        android:name="android.hardware.camera.autofocus"
33-->src\main\AndroidManifest.xml:28:9-57
34        android:required="false" />
34-->src\main\AndroidManifest.xml:29:9-33
35    <uses-feature
35-->src\main\AndroidManifest.xml:30:5-32:34
36        android:name="android.hardware.camera"
36-->src\main\AndroidManifest.xml:31:9-47
37        android:required="true" />
37-->src\main\AndroidManifest.xml:32:9-32
38
39    <uses-permission android:name="android.permission.WAKE_LOCK" /> <!-- Required by older versions of Google Play services to create IID tokens -->
39-->[com.google.firebase:firebase-iid:20.0.0] AndroidManifest.xml:24:5-68
39-->[com.google.firebase:firebase-iid:20.0.0] AndroidManifest.xml:24:22-65
40    <uses-permission android:name="com.google.android.c2dm.permission.RECEIVE" />
40-->[com.google.firebase:firebase-iid:20.0.0] AndroidManifest.xml:26:5-82
40-->[com.google.firebase:firebase-iid:20.0.0] AndroidManifest.xml:26:22-79
41
42    <permission
42-->[androidx.core:core:1.9.0] AndroidManifest.xml:22:5-24:47
43        android:name="com.qdocs.ssre241123.DYNAMIC_RECEIVER_NOT_EXPORTED_PERMISSION"
43-->[androidx.core:core:1.9.0] AndroidManifest.xml:23:9-81
44        android:protectionLevel="signature" />
44-->[androidx.core:core:1.9.0] AndroidManifest.xml:24:9-44
45
46    <uses-permission android:name="com.qdocs.ssre241123.DYNAMIC_RECEIVER_NOT_EXPORTED_PERMISSION" />
46-->[androidx.core:core:1.9.0] AndroidManifest.xml:26:5-97
46-->[androidx.core:core:1.9.0] AndroidManifest.xml:26:22-94
47
48    <application
48-->src\main\AndroidManifest.xml:34:5-300:19
49        android:name="com.qdocs.ssre241123.utils.MyApp"
49-->src\main\AndroidManifest.xml:35:9-56
50        android:allowBackup="false"
50-->src\main\AndroidManifest.xml:36:9-36
51        android:appComponentFactory="androidx.core.app.CoreComponentFactory"
51-->[androidx.core:core:1.9.0] AndroidManifest.xml:28:18-86
52        android:configChanges="orientation|screenSize"
52-->src\main\AndroidManifest.xml:37:9-55
53        android:exported="true"
53-->src\main\AndroidManifest.xml:38:9-32
54        android:extractNativeLibs="false"
55        android:hardwareAccelerated="true"
55-->src\main\AndroidManifest.xml:39:9-43
56        android:icon="@drawable/app_icon"
56-->src\main\AndroidManifest.xml:40:9-42
57        android:label="@string/app_name"
57-->src\main\AndroidManifest.xml:41:9-41
58        android:networkSecurityConfig="@xml/network_security_config"
58-->src\main\AndroidManifest.xml:47:9-69
59        android:requestLegacyExternalStorage="true"
59-->src\main\AndroidManifest.xml:42:9-52
60        android:roundIcon="@drawable/app_icon"
60-->src\main\AndroidManifest.xml:43:9-47
61        android:supportsRtl="true"
61-->src\main\AndroidManifest.xml:44:9-35
62        android:theme="@style/AppTheme"
62-->src\main\AndroidManifest.xml:45:9-40
63        android:usesCleartextTraffic="true" >
63-->src\main\AndroidManifest.xml:46:9-44
64        <activity
64-->src\main\AndroidManifest.xml:49:9-51:40
65            android:name="com.qdocs.ssre241123.students.CbseExaminationActivity"
65-->src\main\AndroidManifest.xml:50:13-81
66            android:exported="false" />
66-->src\main\AndroidManifest.xml:51:13-37
67        `
68        <activity
68-->src\main\AndroidManifest.xml:52:10-54:40
69            android:name="com.qdocs.ssre241123.students.CbseTimeTableActivity"
69-->src\main\AndroidManifest.xml:53:13-79
70            android:exported="false" />
70-->src\main\AndroidManifest.xml:54:13-37
71        <activity
71-->src\main\AndroidManifest.xml:55:9-57:40
72            android:name="com.qdocs.ssre241123.students.StudentOfflinePayment"
72-->src\main\AndroidManifest.xml:56:13-79
73            android:exported="false" />
73-->src\main\AndroidManifest.xml:57:13-37
74        <activity
74-->src\main\AndroidManifest.xml:58:9-60:39
75            android:name="com.qdocs.ssre241123.students.BehaviourComment"
75-->src\main\AndroidManifest.xml:59:13-74
76            android:exported="true" />
76-->src\main\AndroidManifest.xml:60:13-36
77        <activity
77-->src\main\AndroidManifest.xml:61:9-63:39
78            android:name="com.qdocs.ssre241123.students.StudentVideoTutorialPlay"
78-->src\main\AndroidManifest.xml:62:13-82
79            android:exported="true" />
79-->src\main\AndroidManifest.xml:63:13-36
80        <activity
80-->src\main\AndroidManifest.xml:64:9-66:39
81            android:name="com.qdocs.ssre241123.students.StudentHomeworkNew"
81-->src\main\AndroidManifest.xml:65:13-76
82            android:exported="true" />
82-->src\main\AndroidManifest.xml:66:13-36
83        <activity
83-->src\main\AndroidManifest.xml:67:9-69:39
84            android:name="com.qdocs.ssre241123.students.NewDashboard"
84-->src\main\AndroidManifest.xml:68:13-70
85            android:exported="true" />
85-->src\main\AndroidManifest.xml:69:13-36
86        <activity
86-->src\main\AndroidManifest.xml:70:9-72:39
87            android:name="com.qdocs.ssre241123.students.StudentCoursePerformance"
87-->src\main\AndroidManifest.xml:71:13-82
88            android:exported="true" />
88-->src\main\AndroidManifest.xml:72:13-36
89        <activity
89-->src\main\AndroidManifest.xml:73:9-75:39
90            android:name="com.qdocs.ssre241123.students.StudentUploadDocument"
90-->src\main\AndroidManifest.xml:74:13-79
91            android:exported="true" />
91-->src\main\AndroidManifest.xml:75:13-36
92        <activity
92-->src\main\AndroidManifest.xml:76:9-78:39
93            android:name="com.qdocs.ssre241123.students.StudentDailyAssignment"
93-->src\main\AndroidManifest.xml:77:13-80
94            android:exported="true" />
94-->src\main\AndroidManifest.xml:78:13-36
95        <activity
95-->src\main\AndroidManifest.xml:79:9-81:39
96            android:name="com.qdocs.ssre241123.students.StudentProcessingFees"
96-->src\main\AndroidManifest.xml:80:13-79
97            android:exported="true" />
97-->src\main\AndroidManifest.xml:81:13-36
98        <activity
98-->src\main\AndroidManifest.xml:82:9-85:39
99            android:name="com.qdocs.ssre241123.students.StudentCourseDetail"
99-->src\main\AndroidManifest.xml:83:13-77
100            android:configChanges="orientation|keyboardHidden|screenSize|layoutDirection"
100-->src\main\AndroidManifest.xml:84:13-90
101            android:exported="true" />
101-->src\main\AndroidManifest.xml:85:13-36
102        <activity
102-->src\main\AndroidManifest.xml:86:9-88:39
103            android:name="com.qdocs.ssre241123.students.StudentOnlineCourse"
103-->src\main\AndroidManifest.xml:87:13-77
104            android:exported="true" />
104-->src\main\AndroidManifest.xml:88:13-36
105        <activity
105-->src\main\AndroidManifest.xml:89:9-92:39
106            android:name="com.qdocs.ssre241123.students.StudentStartLessonActivity"
106-->src\main\AndroidManifest.xml:90:13-84
107            android:configChanges="keyboardHidden|orientation|screenSize|layoutDirection|uiMode"
107-->src\main\AndroidManifest.xml:91:13-97
108            android:exported="true" />
108-->src\main\AndroidManifest.xml:92:13-36
109        <activity
109-->src\main\AndroidManifest.xml:93:9-95:39
110            android:name="com.qdocs.ssre241123.students.StudentLiveClasses"
110-->src\main\AndroidManifest.xml:94:13-76
111            android:exported="true" />
111-->src\main\AndroidManifest.xml:95:13-36
112        <activity
112-->src\main\AndroidManifest.xml:96:9-98:39
113            android:name="com.qdocs.ssre241123.students.CourseExamResult"
113-->src\main\AndroidManifest.xml:97:13-74
114            android:exported="true" />
114-->src\main\AndroidManifest.xml:98:13-36
115        <activity
115-->src\main\AndroidManifest.xml:99:9-101:39
116            android:name="com.qdocs.ssre241123.students.StudentOfflinePaymentList"
116-->src\main\AndroidManifest.xml:100:13-83
117            android:exported="true" />
117-->src\main\AndroidManifest.xml:101:13-36
118        <activity
118-->src\main\AndroidManifest.xml:102:9-104:39
119            android:name="com.qdocs.ssre241123.students.StudentGmeetLiveClasses"
119-->src\main\AndroidManifest.xml:103:13-81
120            android:exported="true" />
120-->src\main\AndroidManifest.xml:104:13-36
121        <activity
121-->src\main\AndroidManifest.xml:105:9-107:39
122            android:name="com.qdocs.ssre241123.students.StudentBehaviourReport"
122-->src\main\AndroidManifest.xml:106:13-80
123            android:exported="true" />
123-->src\main\AndroidManifest.xml:107:13-36
124        <activity
124-->src\main\AndroidManifest.xml:108:9-110:39
125            android:name="com.qdocs.ssre241123.students.NotificationList"
125-->src\main\AndroidManifest.xml:109:13-74
126            android:exported="true" />
126-->src\main\AndroidManifest.xml:110:13-36
127        <activity
127-->src\main\AndroidManifest.xml:111:9-113:39
128            android:name="com.qdocs.ssre241123.students.AddCourseAssignment"
128-->src\main\AndroidManifest.xml:112:13-77
129            android:exported="true" />
129-->src\main\AndroidManifest.xml:113:13-36
130        <activity
130-->src\main\AndroidManifest.xml:114:9-116:39
131            android:name="com.qdocs.ssre241123.students.OnlineCourseExam"
131-->src\main\AndroidManifest.xml:115:13-74
132            android:exported="true" />
132-->src\main\AndroidManifest.xml:116:13-36
133        <activity
133-->src\main\AndroidManifest.xml:117:9-120:39
134            android:name="com.qdocs.ssre241123.students.StudentOnlineExamQuestionsNew"
134-->src\main\AndroidManifest.xml:118:13-87
135            android:configChanges="orientation|screenSize"
135-->src\main\AndroidManifest.xml:119:13-59
136            android:exported="true" />
136-->src\main\AndroidManifest.xml:120:13-36
137        <activity
137-->src\main\AndroidManifest.xml:121:9-123:39
138            android:name="com.qdocs.ssre241123.students.StudentOnlineExamResult"
138-->src\main\AndroidManifest.xml:122:13-81
139            android:exported="true" />
139-->src\main\AndroidManifest.xml:123:13-36
140        <activity
140-->src\main\AndroidManifest.xml:124:9-126:39
141            android:name="com.qdocs.ssre241123.students.StudentOnlineExam"
141-->src\main\AndroidManifest.xml:125:13-75
142            android:exported="true" />
142-->src\main\AndroidManifest.xml:126:13-36
143        <activity
143-->src\main\AndroidManifest.xml:127:9-129:39
144            android:name="com.qdocs.ssre241123.AboutSchool"
144-->src\main\AndroidManifest.xml:128:13-60
145            android:exported="true" />
145-->src\main\AndroidManifest.xml:129:13-36
146        <activity
146-->src\main\AndroidManifest.xml:130:9-132:39
147            android:name="com.qdocs.ssre241123.students.StudentTimeline"
147-->src\main\AndroidManifest.xml:131:13-73
148            android:exported="true" />
148-->src\main\AndroidManifest.xml:132:13-36
149        <activity
149-->src\main\AndroidManifest.xml:133:9-135:39
150            android:name="com.qdocs.ssre241123.students.StudentAddTimeLine"
150-->src\main\AndroidManifest.xml:134:13-76
151            android:exported="true" />
151-->src\main\AndroidManifest.xml:135:13-36
152        <activity
152-->src\main\AndroidManifest.xml:136:9-138:39
153            android:name="com.qdocs.ssre241123.students.StudentEditTimeLine"
153-->src\main\AndroidManifest.xml:137:13-77
154            android:exported="true" />
154-->src\main\AndroidManifest.xml:138:13-36
155        <activity
155-->src\main\AndroidManifest.xml:139:9-141:39
156            android:name="com.qdocs.ssre241123.students.StudentDocuments"
156-->src\main\AndroidManifest.xml:140:13-74
157            android:exported="true" />
157-->src\main\AndroidManifest.xml:141:13-36
158        <activity
158-->src\main\AndroidManifest.xml:142:9-149:20
159            android:name="com.qdocs.ssre241123.SplashActivity"
159-->src\main\AndroidManifest.xml:143:13-63
160            android:exported="true" >
160-->src\main\AndroidManifest.xml:144:13-36
161            <intent-filter>
161-->src\main\AndroidManifest.xml:145:13-148:29
162                <action android:name="android.intent.action.MAIN" />
162-->src\main\AndroidManifest.xml:146:17-69
162-->src\main\AndroidManifest.xml:146:25-66
163
164                <category android:name="android.intent.category.LAUNCHER" />
164-->src\main\AndroidManifest.xml:147:17-77
164-->src\main\AndroidManifest.xml:147:27-74
165            </intent-filter>
166        </activity>
167        <activity
167-->src\main\AndroidManifest.xml:150:9-152:39
168            android:name="com.qdocs.ssre241123.Login"
168-->src\main\AndroidManifest.xml:151:13-54
169            android:exported="true" />
169-->src\main\AndroidManifest.xml:152:13-36
170        <activity
170-->src\main\AndroidManifest.xml:153:9-155:39
171            android:name="com.qdocs.ssre241123.students.StudentProfileDetailsNew"
171-->src\main\AndroidManifest.xml:154:13-82
172            android:exported="true" />
172-->src\main\AndroidManifest.xml:155:13-36
173        <activity
173-->src\main\AndroidManifest.xml:156:9-158:39
174            android:name="com.qdocs.ssre241123.students.StudentAddAssignment"
174-->src\main\AndroidManifest.xml:157:13-78
175            android:exported="true" />
175-->src\main\AndroidManifest.xml:158:13-36
176        <activity
176-->src\main\AndroidManifest.xml:159:9-161:39
177            android:name="com.qdocs.ssre241123.students.StudentEditAssignment"
177-->src\main\AndroidManifest.xml:160:13-79
178            android:exported="true" />
178-->src\main\AndroidManifest.xml:161:13-36
179        <activity
179-->src\main\AndroidManifest.xml:162:9-164:39
180            android:name="com.qdocs.ssre241123.students.StudentUploadHomework"
180-->src\main\AndroidManifest.xml:163:13-79
181            android:exported="true" />
181-->src\main\AndroidManifest.xml:164:13-36
182        <activity
182-->src\main\AndroidManifest.xml:165:9-167:39
183            android:name="com.qdocs.ssre241123.ForgotPassword"
183-->src\main\AndroidManifest.xml:166:13-63
184            android:exported="true" />
184-->src\main\AndroidManifest.xml:167:13-36
185        <activity
185-->src\main\AndroidManifest.xml:168:9-170:39
186            android:name="com.qdocs.ssre241123.BaseActivity"
186-->src\main\AndroidManifest.xml:169:13-61
187            android:exported="true" />
187-->src\main\AndroidManifest.xml:170:13-36
188        <activity
188-->src\main\AndroidManifest.xml:171:9-173:39
189            android:name="com.qdocs.ssre241123.students.StudentFees"
189-->src\main\AndroidManifest.xml:172:13-69
190            android:exported="true" />
190-->src\main\AndroidManifest.xml:173:13-36
191        <activity
191-->src\main\AndroidManifest.xml:174:9-176:39
192            android:name="com.qdocs.ssre241123.students.StudentNoticeBoard"
192-->src\main\AndroidManifest.xml:175:13-76
193            android:exported="true" />
193-->src\main\AndroidManifest.xml:176:13-36
194        <activity
194-->src\main\AndroidManifest.xml:177:9-179:39
195            android:name="com.qdocs.ssre241123.students.StudentExaminationList"
195-->src\main\AndroidManifest.xml:178:13-80
196            android:exported="true" />
196-->src\main\AndroidManifest.xml:179:13-36
197        <activity
197-->src\main\AndroidManifest.xml:180:9-182:39
198            android:name="com.qdocs.ssre241123.students.StudentReportCard_ExamListResult"
198-->src\main\AndroidManifest.xml:181:13-90
199            android:exported="true" />
199-->src\main\AndroidManifest.xml:182:13-36
200        <activity
200-->src\main\AndroidManifest.xml:183:9-185:39
201            android:name="com.qdocs.ssre241123.students.StudentSubjectList"
201-->src\main\AndroidManifest.xml:184:13-76
202            android:exported="true" />
202-->src\main\AndroidManifest.xml:185:13-36
203        <activity
203-->src\main\AndroidManifest.xml:186:9-188:39
204            android:name="com.qdocs.ssre241123.students.StudentTeachersList"
204-->src\main\AndroidManifest.xml:187:13-77
205            android:exported="true" />
205-->src\main\AndroidManifest.xml:188:13-36
206        <activity
206-->src\main\AndroidManifest.xml:189:9-191:39
207            android:name="com.qdocs.ssre241123.students.StudentTransportRoutes"
207-->src\main\AndroidManifest.xml:190:13-80
208            android:exported="true" />
208-->src\main\AndroidManifest.xml:191:13-36
209        <activity
209-->src\main\AndroidManifest.xml:192:9-194:39
210            android:name="com.qdocs.ssre241123.students.StudentDownloads"
210-->src\main\AndroidManifest.xml:193:13-74
211            android:exported="true" />
211-->src\main\AndroidManifest.xml:194:13-36
212        <activity
212-->src\main\AndroidManifest.xml:195:9-197:39
213            android:name="com.qdocs.ssre241123.students.StudentAttendance"
213-->src\main\AndroidManifest.xml:196:13-75
214            android:exported="true" />
214-->src\main\AndroidManifest.xml:197:13-36
215        <activity
215-->src\main\AndroidManifest.xml:198:9-200:39
216            android:name="com.qdocs.ssre241123.students.StudentReportCard_ExamList"
216-->src\main\AndroidManifest.xml:199:13-84
217            android:exported="true" />
217-->src\main\AndroidManifest.xml:200:13-36
218        <activity
218-->src\main\AndroidManifest.xml:201:9-203:39
219            android:name="com.qdocs.ssre241123.students.StudentExamSchedule_ExamList"
219-->src\main\AndroidManifest.xml:202:13-86
220            android:exported="true" />
220-->src\main\AndroidManifest.xml:203:13-36
221        <activity
221-->src\main\AndroidManifest.xml:204:9-206:39
222            android:name="com.qdocs.ssre241123.students.StudentExamSchedule"
222-->src\main\AndroidManifest.xml:205:13-77
223            android:exported="true" />
223-->src\main\AndroidManifest.xml:206:13-36
224        <activity
224-->src\main\AndroidManifest.xml:207:9-209:39
225            android:name="com.qdocs.ssre241123.students.StudentVisitorBook"
225-->src\main\AndroidManifest.xml:208:13-76
226            android:exported="true" />
226-->src\main\AndroidManifest.xml:209:13-36
227        <activity
227-->src\main\AndroidManifest.xml:210:9-212:39
228            android:name="com.qdocs.ssre241123.students.StudentHostel"
228-->src\main\AndroidManifest.xml:211:13-71
229            android:exported="true" />
229-->src\main\AndroidManifest.xml:212:13-36
230        <activity
230-->src\main\AndroidManifest.xml:213:9-215:39
231            android:name="com.qdocs.ssre241123.students.StudentLibraryBook"
231-->src\main\AndroidManifest.xml:214:13-76
232            android:exported="true" />
232-->src\main\AndroidManifest.xml:215:13-36
233        <activity
233-->src\main\AndroidManifest.xml:216:9-218:39
234            android:name="com.qdocs.ssre241123.students.StudentClassTimetable"
234-->src\main\AndroidManifest.xml:217:13-79
235            android:exported="true" />
235-->src\main\AndroidManifest.xml:218:13-36
236        <activity
236-->src\main\AndroidManifest.xml:219:9-221:39
237            android:name="com.qdocs.ssre241123.students.StudentSyllabusTimetable"
237-->src\main\AndroidManifest.xml:220:13-82
238            android:exported="true" />
238-->src\main\AndroidManifest.xml:221:13-36
239        <activity
239-->src\main\AndroidManifest.xml:222:9-224:39
240            android:name="com.qdocs.ssre241123.students.StudentSyllabusStatus"
240-->src\main\AndroidManifest.xml:223:13-79
241            android:exported="true" />
241-->src\main\AndroidManifest.xml:224:13-36
242        <activity
242-->src\main\AndroidManifest.xml:225:9-227:39
243            android:name="com.qdocs.ssre241123.students.StudentLibraryBookIssued"
243-->src\main\AndroidManifest.xml:226:13-82
244            android:exported="true" />
244-->src\main\AndroidManifest.xml:227:13-36
245        <activity
245-->src\main\AndroidManifest.xml:228:9-230:39
246            android:name="com.qdocs.ssre241123.students.StudentAppyLeave"
246-->src\main\AndroidManifest.xml:229:13-74
247            android:exported="true" />
247-->src\main\AndroidManifest.xml:230:13-36
248        <activity
248-->src\main\AndroidManifest.xml:231:9-233:39
249            android:name="com.qdocs.ssre241123.students.StudentAddLeave"
249-->src\main\AndroidManifest.xml:232:13-73
250            android:exported="true" />
250-->src\main\AndroidManifest.xml:233:13-36
251        <activity
251-->src\main\AndroidManifest.xml:234:9-236:39
252            android:name="com.qdocs.ssre241123.students.StudentEditLeave"
252-->src\main\AndroidManifest.xml:235:13-74
253            android:exported="true" />
253-->src\main\AndroidManifest.xml:236:13-36
254        <activity
254-->src\main\AndroidManifest.xml:237:9-239:39
255            android:name="com.qdocs.ssre241123.students.StudentSyllabus"
255-->src\main\AndroidManifest.xml:238:13-73
256            android:exported="true" />
256-->src\main\AndroidManifest.xml:239:13-36
257        <activity
257-->src\main\AndroidManifest.xml:240:9-242:39
258            android:name="com.qdocs.ssre241123.students.StudentOnlineQuizResult"
258-->src\main\AndroidManifest.xml:241:13-81
259            android:exported="true" />
259-->src\main\AndroidManifest.xml:242:13-36
260        <activity
260-->src\main\AndroidManifest.xml:243:9-245:39
261            android:name="com.qdocs.ssre241123.students.StudentSyllabuslesson"
261-->src\main\AndroidManifest.xml:244:13-79
262            android:exported="true" />
262-->src\main\AndroidManifest.xml:245:13-36
263        <activity
263-->src\main\AndroidManifest.xml:246:9-248:39
264            android:name="com.qdocs.ssre241123.students.StudentOnlineCourseQuiz"
264-->src\main\AndroidManifest.xml:247:13-81
265            android:exported="true" />
265-->src\main\AndroidManifest.xml:248:13-36
266        <activity
266-->src\main\AndroidManifest.xml:249:9-251:39
267            android:name="com.qdocs.ssre241123.SettingActivity"
267-->src\main\AndroidManifest.xml:250:13-64
268            android:exported="true" />
268-->src\main\AndroidManifest.xml:251:13-36
269        <activity
269-->src\main\AndroidManifest.xml:252:9-255:40
270            android:name="com.qdocs.ssre241123.TakeUrl"
270-->src\main\AndroidManifest.xml:253:13-56
271            android:configChanges="orientation|screenSize"
271-->src\main\AndroidManifest.xml:254:13-59
272            android:exported="false" />
272-->src\main\AndroidManifest.xml:255:13-37
273        <activity
273-->src\main\AndroidManifest.xml:256:9-258:39
274            android:name="com.qdocs.ssre241123.OpenPdf"
274-->src\main\AndroidManifest.xml:257:13-56
275            android:exported="true" />
275-->src\main\AndroidManifest.xml:258:13-36
276        <activity
276-->src\main\AndroidManifest.xml:259:9-261:39
277            android:name="com.qdocs.ssre241123.students.StudentTasks"
277-->src\main\AndroidManifest.xml:260:13-70
278            android:exported="true" />
278-->src\main\AndroidManifest.xml:261:13-36
279        <activity
279-->src\main\AndroidManifest.xml:262:9-264:39
280            android:name="com.qdocs.ssre241123.students.StudentTasksEdit"
280-->src\main\AndroidManifest.xml:263:13-74
281            android:exported="true" />
281-->src\main\AndroidManifest.xml:264:13-36
282        <activity
282-->src\main\AndroidManifest.xml:265:9-267:39
283            android:name="com.qdocs.ssre241123.students.Payment"
283-->src\main\AndroidManifest.xml:266:13-65
284            android:exported="true" />
284-->src\main\AndroidManifest.xml:267:13-36
285        <activity
285-->src\main\AndroidManifest.xml:268:9-270:39
286            android:name="com.qdocs.ssre241123.students.MultiplePayment"
286-->src\main\AndroidManifest.xml:269:13-73
287            android:exported="true" />
287-->src\main\AndroidManifest.xml:270:13-36
288        <activity
288-->src\main\AndroidManifest.xml:271:9-273:39
289            android:name="com.qdocs.ssre241123.students.CoursePayment"
289-->src\main\AndroidManifest.xml:272:13-71
290            android:exported="true" />
290-->src\main\AndroidManifest.xml:273:13-36
291        <activity
291-->src\main\AndroidManifest.xml:274:9-278:53
292            android:name="com.qdocs.ssre241123.students.CourseVideoPlay"
292-->src\main\AndroidManifest.xml:275:13-73
293            android:configChanges="orientation|screenSize"
293-->src\main\AndroidManifest.xml:276:13-59
294            android:exported="false"
294-->src\main\AndroidManifest.xml:277:13-37
295            android:screenOrientation="landscape" />
295-->src\main\AndroidManifest.xml:278:13-50
296        <activity
296-->src\main\AndroidManifest.xml:279:9-281:40
297            android:name="com.qdocs.ssre241123.students.LiveClasses"
297-->src\main\AndroidManifest.xml:280:13-69
298            android:exported="false" />
298-->src\main\AndroidManifest.xml:281:13-37
299
300        <service
300-->src\main\AndroidManifest.xml:283:9-289:19
301            android:name="com.qdocs.ssre241123.utils.MyFirebaseMessagingService"
301-->src\main\AndroidManifest.xml:284:13-81
302            android:exported="true" >
302-->src\main\AndroidManifest.xml:285:13-36
303            <intent-filter>
303-->src\main\AndroidManifest.xml:286:13-288:29
304                <action android:name="com.google.firebase.MESSAGING_EVENT" />
304-->src\main\AndroidManifest.xml:287:17-78
304-->src\main\AndroidManifest.xml:287:25-75
305            </intent-filter>
306        </service>
307
308        <provider
309            android:name="androidx.core.content.FileProvider"
309-->src\main\AndroidManifest.xml:292:13-62
310            android:authorities="com.qdocs.ssre241123.provider"
310-->src\main\AndroidManifest.xml:293:13-60
311            android:exported="false"
311-->src\main\AndroidManifest.xml:294:13-37
312            android:grantUriPermissions="true" >
312-->src\main\AndroidManifest.xml:295:13-47
313            <meta-data
313-->src\main\AndroidManifest.xml:296:13-298:58
314                android:name="android.support.FILE_PROVIDER_PATHS"
314-->src\main\AndroidManifest.xml:297:17-67
315                android:resource="@xml/provider_paths" />
315-->src\main\AndroidManifest.xml:298:17-55
316        </provider>
317        <!--
318             FirebaseMessagingService performs security checks at runtime,
319             but set to not exported to explicitly avoid allowing another app to call it.
320        -->
321        <service
321-->[com.google.firebase:firebase-messaging:20.0.0] AndroidManifest.xml:28:9-34:19
322            android:name="com.google.firebase.messaging.FirebaseMessagingService"
322-->[com.google.firebase:firebase-messaging:20.0.0] AndroidManifest.xml:29:13-82
323            android:exported="false" >
323-->[com.google.firebase:firebase-messaging:20.0.0] AndroidManifest.xml:30:13-37
324            <intent-filter android:priority="-500" >
324-->src\main\AndroidManifest.xml:286:13-288:29
325                <action android:name="com.google.firebase.MESSAGING_EVENT" />
325-->src\main\AndroidManifest.xml:287:17-78
325-->src\main\AndroidManifest.xml:287:25-75